2020-09-16  1:04:41 0 [Note] InnoDB: Using Linux native AIO
2020-09-16  1:04:41 0 [Note] InnoDB: Uses event mutexes
2020-09-16  1:04:41 0 [Note] InnoDB: Compressed tables use zlib 1.2.11
2020-09-16  1:04:41 0 [Note] InnoDB: Number of pools: 1
2020-09-16  1:04:41 0 [Note] InnoDB: Using SSE4.2 crc32 instructions
2020-09-16  1:04:41 0 [Note] mysqld: O_TMPFILE is not supported on /tmp (disabling future attempts)
2020-09-16  1:04:41 0 [Note] InnoDB: Initializing buffer pool, total size = 134217728, chunk size = 134217728
2020-09-16  1:04:41 0 [Note] InnoDB: Completed initialization of buffer pool
2020-09-16  1:04:41 0 [Note] InnoDB: If the mysqld execution user is authorized, page cleaner thread priority can be changed. See the man page of setpriority().
2020-09-16  1:04:41 0 [Note] InnoDB: 128 rollback segments are active.
2020-09-16  1:04:41 0 [Note] InnoDB: Creating shared tablespace for temporary tables
2020-09-16  1:04:41 0 [Note] InnoDB: Setting file './ibtmp1' size to 12 MB. Physically writing the file full; Please wait ...
2020-09-16  1:04:41 0 [Note] InnoDB: File './ibtmp1' size is now 12 MB.
2020-09-16  1:04:41 0 [Note] InnoDB: 10.5.5 started; log sequence number 45151; transaction id 21
2020-09-16  1:04:41 0 [Note] InnoDB: Loading buffer pool(s) from /var/lib/mysql/ib_buffer_pool
2020-09-16  1:04:41 0 [Note] Plugin 'FEEDBACK' is disabled.
2020-09-16  1:04:41 0 [Note] InnoDB: Buffer pool(s) load completed at 200916  1:04:41
2020-09-16  1:04:41 0 [Note] Server socket created on IP: '0.0.0.0'.
2020-09-16  1:04:42 0 [Note] Reading of all Master_info entries succeeded
2020-09-16  1:04:42 0 [Note] Added new Master_info '' to hash table
2020-09-16  1:04:42 0 [Note] mysqld: ready for connections.
Version: '10.5.5-MariaDB-1:10.5.5+maria~focal-log'  socket: '/run/mysqld/mysqld.sock'  port: 3306  mariadb.org binary distribution
2020-09-16  1:04:53 4 [Warning] IP address '172.21.0.1' could not be resolved: Name or service not known
2020-09-16  1:05:21 6 [Warning] Access denied for user 'myFisrtuser'@'172.21.0.1' (using password: YES)
2020-09-16  1:05:25 7 [Warning] Access denied for user 'myFisrtuser'@'172.21.0.1' (using password: YES)
2020-09-16  1:06:20 8 [Warning] Access denied for user 'myFisrtuser'@'172.21.0.1' (using password: YES)
